
> yarn-inspiration@0.1.0 dev
> next dev

 ⚠ Port 3000 is in use, trying 3001 instead.
 ⚠ Port 3001 is in use, trying 3002 instead.
  ▲ Next.js 14.2.35
  - Local:        http://localhost:3002

 ✓ Starting...
 ✓ Ready in 3s
 ○ Compiling / ...
 ✓ Compiled / in 3s (517 modules)
 GET / 200 in 3461ms
 ○ Compiling /api/yarns ...
 ✓ Compiled /api/yarns in 620ms (284 modules)
 GET /api/yarns 200 in 735ms
 GET /api/yarns 200 in 22ms
 GET / 200 in 115ms
 GET /api/yarns 200 in 16ms
 GET /api/yarns 200 in 11ms
 ○ Compiling /yarns ...
 ✓ Compiled /yarns in 625ms (558 modules)
 GET /yarns 200 in 795ms
 GET /api/yarns 200 in 23ms
 GET /api/yarns 200 in 10ms
 ✓ Compiled /yarns/[id] in 391ms (554 modules)
 GET /api/yarns 200 in 31ms
 ✓ Compiled /api/inspirations in 163ms (297 modules)
 GET /api/yarns 200 in 298ms
 GET /api/inspirations 200 in 340ms
 GET /api/inspirations 200 in 10ms
 ✓ Compiled /api/yarns/[id] in 150ms (299 modules)
 PUT /api/yarns/3 200 in 989ms
 GET /api/yarns 200 in 14ms
 GET /api/yarns 200 in 10ms
 PUT /api/yarns/3 200 in 242ms
 GET /api/yarns 200 in 11ms
 GET /api/yarns 200 in 12ms
 GET /api/yarns 200 in 18ms
 GET /api/yarns 200 in 16ms
 ✓ Compiled /inspirations in 354ms (566 modules)
 GET /inspirations 200 in 479ms
 GET /api/inspirations 200 in 19ms
 GET /api/yarns 200 in 23ms
 GET /api/inspirations 200 in 15ms
 GET /api/yarns 200 in 14ms
 ✓ Compiled /inspirations/[id] in 367ms (572 modules)
 GET /api/inspirations 200 in 20ms
 GET /api/yarns 200 in 26ms
 GET /api/inspirations 200 in 14ms
 GET /api/yarns 200 in 19ms
 ✓ Compiled /_not-found in 444ms (575 modules)
 GET /inspirations/24%20%E3%80%90%E7%99%BD%E8%89%B2%E5%B1%B1%E8%84%89%E6%AF%9B%E8%A1%A3%E5%9B%BE%E8%A7%A3%E5%AD%98%E5%9B%BE%20-%20%E6%BD%98%E5%B8%95%E6%A3%AE%20%7C%20%E5%B0%8F%E7%BA%A2%E4%B9%A6%20-%20%E4%BD%A0%E7%9A%84%E7%94%9F%E6%B4%BB%E5%85%B4%E8%B6%A3%E7%A4%BE%E5%8C%BA%E3%80%91%20%F0%9F%98%86%20XxY8EVuIueSwMrf%20%F0%9F%98%86%20https:/www.xiaohongshu.com/discovery/item/676175690000000014023eae?source=webshare&xhsshare=pc_web&xsec_token=ABeGgRcSCTnL_D_gl1VBanhLWKrCO--DXPKdFHIV0IdkE=&xsec_source=pc_share 404 in 555ms
 ✓ Compiled /api/inspirations/[id] in 159ms (311 modules)
 PUT /api/inspirations/1 200 in 952ms
 GET /api/inspirations 200 in 63ms
 GET /inspirations/24%20%E3%80%90%E7%99%BD%E8%89%B2%E5%B1%B1%E8%84%89%E6%AF%9B%E8%A1%A3%E5%9B%BE%E8%A7%A3%E5%AD%98%E5%9B%BE%20-%20%E6%BD%98%E5%B8%95%E6%A3%AE%20%7C%20%E5%B0%8F%E7%BA%A2%E4%B9%A6%20-%20%E4%BD%A0%E7%9A%84%E7%94%9F%E6%B4%BB%E5%85%B4%E8%B6%A3%E7%A4%BE%E5%8C%BA%E3%80%91%20%F0%9F%98%86%20XxY8EVuIueSwMrf%20%F0%9F%98%86%20https:/www.xiaohongshu.com/discovery/item/676175690000000014023eae?source=webshare&xhsshare=pc_web&xsec_token=ABeGgRcSCTnL_D_gl1VBanhLWKrCO--DXPKdFHIV0IdkE=&xsec_source=pc_share 404 in 61ms
 GET /inspirations/24%20%E3%80%90%E7%99%BD%E8%89%B2%E5%B1%B1%E8%84%89%E6%AF%9B%E8%A1%A3%E5%9B%BE%E8%A7%A3%E5%AD%98%E5%9B%BE%20-%20%E6%BD%98%E5%B8%95%E6%A3%AE%20%7C%20%E5%B0%8F%E7%BA%A2%E4%B9%A6%20-%20%E4%BD%A0%E7%9A%84%E7%94%9F%E6%B4%BB%E5%85%B4%E8%B6%A3%E7%A4%BE%E5%8C%BA%E3%80%91%20%F0%9F%98%86%20XxY8EVuIueSwMrf%20%F0%9F%98%86%20https:/www.xiaohongshu.com/discovery/item/676175690000000014023eae?source=webshare&xhsshare=pc_web&xsec_token=ABeGgRcSCTnL_D_gl1VBanhLWKrCO--DXPKdFHIV0IdkE=&xsec_source=pc_share 404 in 32ms
 GET /inspirations/24%20%E3%80%90%E7%99%BD%E8%89%B2%E5%B1%B1%E8%84%89%E6%AF%9B%E8%A1%A3%E5%9B%BE%E8%A7%A3%E5%AD%98%E5%9B%BE%20-%20%E6%BD%98%E5%B8%95%E6%A3%AE%20%7C%20%E5%B0%8F%E7%BA%A2%E4%B9%A6%20-%20%E4%BD%A0%E7%9A%84%E7%94%9F%E6%B4%BB%E5%85%B4%E8%B6%A3%E7%A4%BE%E5%8C%BA%E3%80%91%20%F0%9F%98%86%20XxY8EVuIueSwMrf%20%F0%9F%98%86%20https:/www.xiaohongshu.com/discovery/item/676175690000000014023eae?source=webshare&xhsshare=pc_web&xsec_token=ABeGgRcSCTnL_D_gl1VBanhLWKrCO--DXPKdFHIV0IdkE=&xsec_source=pc_share 404 in 28ms
 PUT /api/inspirations/1 200 in 1036ms
 GET /api/inspirations 200 in 12ms
 GET /api/inspirations 200 in 13ms
 GET /api/yarns 200 in 19ms
 GET /api/inspirations 200 in 15ms
 GET /api/yarns 200 in 19ms
 GET /yarns 200 in 59ms
 GET /api/yarns 200 in 13ms
 GET /api/yarns 200 in 16ms
 ✓ Compiled /api/upload in 221ms (310 modules)
 POST /api/upload 200 in 320ms
 ✓ Compiled in 842ms (549 modules)
 ✓ Compiled in 889ms (549 modules)
 GET /yarns 200 in 103ms
 ○ Compiling /_not-found ...
 ✓ Compiled /_not-found in 580ms (552 modules)
 GET /_next/static/css/app/layout.css?v=1780567177815 404 in 746ms
 GET /_next/static/chunks/webpack.js?v=1780567177815 404 in 753ms
 GET /_next/static/chunks/main-app.js?v=1780567177815 404 in 741ms
 GET /_next/static/chunks/app-pages-internals.js 404 in 741ms
 GET /_next/static/chunks/app/yarns/page.js 404 in 740ms
 GET / 200 in 42ms
 GET /_next/static/css/app/layout.css?v=1780567181648 404 in 45ms
 GET /_next/static/chunks/main-app.js?v=1780567181648 404 in 52ms
 GET /_next/static/chunks/app/page.js 404 in 54ms
 GET /_next/static/chunks/app-pages-internals.js 404 in 52ms
 GET / 200 in 34ms
 GET /_next/static/css/app/layout.css?v=1780567190614 404 in 30ms
 GET /_next/static/chunks/main-app.js?v=1780567190614 404 in 64ms
 GET /_next/static/chunks/app-pages-internals.js 404 in 57ms
 GET /_next/static/chunks/app/page.js 404 in 57ms
 GET / 200 in 29ms
 GET /_next/static/css/app/layout.css?v=1780567213302 404 in 66ms
 GET /_next/static/chunks/app-pages-internals.js 404 in 70ms
 GET /_next/static/chunks/main-app.js?v=1780567213302 404 in 72ms
 GET /_next/static/chunks/app/page.js 404 in 70ms
 GET /inspirations 200 in 36ms
 GET /_next/static/css/app/layout.css?v=1780567217565 404 in 33ms
 GET /_next/static/chunks/main-app.js?v=1780567217565 404 in 55ms
 GET /_next/static/chunks/app-pages-internals.js 404 in 54ms
 GET /_next/static/chunks/app/inspirations/page.js 404 in 53ms

F:\BrainChild>